2024.09.16 15:17:37 Скрипт запущен
2024.09.16 15:17:37 Пути до настроек получены из переменной среды - C:\inetpub\wwwroot\1C_REPOSITORY\SampleFiles\config.ini, C:\inetpub\wwwroot\1C_REPOSITORY\SampleFiles\Description.json
2024.09.16 15:17:37 Скрипт выполнен успешно
2024.09.16 15:23:41 Скрипт запущен
2024.09.16 15:23:41 Пути до настроек получены из переменной среды - C:\inetpub\wwwroot\1C_REPOSITORY\SampleFiles\config.ini, C:\inetpub\wwwroot\1C_REPOSITORY\SampleFiles\Description.json
2024.09.16 15:23:41 Скрипт выполнен успешно
2024.09.16 15:27:25 Скрипт запущен
2024.09.16 15:27:25 Пути до настроек получены из переменной среды - C:\inetpub\wwwroot\1C_REPOSITORY\SampleFiles\config.ini, C:\inetpub\wwwroot\1C_REPOSITORY\SampleFiles\Description.json
2024.09.16 15:27:25 Скрипт выполнен успешно
2024.09.16 15:38:27 Скрипт запущен
2024.09.16 15:38:27 Пути до настроек получены из переменной среды - C:\inetpub\wwwroot\1C_REPOSITORY\SampleFiles\config.ini, C:\inetpub\wwwroot\1C_REPOSITORY\SampleFiles\Description.json
2024.09.16 15:38:27 Скрипт выполнен успешно
2024.09.18 06:48:52 Скрипт запущен
2024.09.18 06:48:52 Пути до настроек получены из переменной среды - C:\inetpub\wwwroot\1C_REPOSITORY\SampleFiles\config.ini, C:\inetpub\wwwroot\1C_REPOSITORY\SampleFiles\Description.json
2024.09.18 06:48:52 Скрипт выполнен успешно
2024.09.18 07:38:10 Скрипт запущен
2024.09.18 07:38:10 Пути до настроек получены из переменной среды - C:\inetpub\wwwroot\1C_REPOSITORY\SampleFiles\config.ini, C:\inetpub\wwwroot\1C_REPOSITORY\SampleFiles\Description.json
2024.09.18 07:38:10 Скрипт выполнен успешно
2024.09.18 08:19:14 Скрипт запущен
2024.09.18 08:19:15 Пути до настроек получены из переменной среды - C:\inetpub\wwwroot\1C_REPOSITORY\SampleFiles\config.ini, C:\inetpub\wwwroot\1C_REPOSITORY\SampleFiles\Description.json
2024.09.18 08:19:15 Скрипт выполнен успешно
2024.09.18 09:40:10 Скрипт запущен
2024.09.18 09:40:10 Пути до настроек получены из переменной среды - C:\inetpub\wwwroot\1C_REPOSITORY\SampleFiles\config.ini, C:\inetpub\wwwroot\1C_REPOSITORY\SampleFiles\Description.json
2024.09.18 09:40:10 Скрипт выполнен успешно
2024.09.18 09:42:14 Скрипт запущен
2024.09.18 09:42:14 Пути до настроек получены из переменной среды - C:\inetpub\wwwroot\1C_REPOSITORY\SampleFiles\config.ini, C:\inetpub\wwwroot\1C_REPOSITORY\SampleFiles\Description.json
2024.09.18 09:42:14 Скрипт выполнен успешно
2024.09.18 09:42:29 Скрипт запущен
2024.09.18 09:42:29 Пути до настроек получены из переменной среды - C:\inetpub\wwwroot\1C_REPOSITORY\SampleFiles\config.ini, C:\inetpub\wwwroot\1C_REPOSITORY\SampleFiles\Description.json
2024.09.18 09:42:29 Скрипт выполнен успешно
2024.09.18 09:43:21 Скрипт запущен
2024.09.18 09:43:21 Пути до настроек получены из переменной среды - C:\inetpub\wwwroot\1C_REPOSITORY\SampleFiles\config.ini, C:\inetpub\wwwroot\1C_REPOSITORY\SampleFiles\Description.json
2024.09.18 09:43:21 Скрипт выполнен успешно
2024.09.18 09:56:11 Скрипт запущен
2024.09.18 09:56:11 Пути до настроек получены из переменной среды - C:\inetpub\wwwroot\1C_REPOSITORY\SampleFiles\config.ini, C:\inetpub\wwwroot\1C_REPOSITORY\SampleFiles\Description.json
2024.09.18 09:56:11 Скрипт выполнен успешно
2024.09.18 10:09:43 Скрипт запущен
2024.09.18 10:09:43 Пути до настроек получены из переменной среды - C:\inetpub\wwwroot\1C_REPOSITORY\SampleFiles\config.ini, C:\inetpub\wwwroot\1C_REPOSITORY\SampleFiles\Description.json
2024.09.18 10:09:43 Скрипт выполнен успешно
2024.09.25 14:39:18 Скрипт запущен
2024.09.25 14:39:18 Пути до настроек получены из переменной среды - C:\inetpub\wwwroot\1C_REPOSITORY\SampleFiles\config.ini, C:\inetpub\wwwroot\1C_REPOSITORY\SampleFiles\Description.json
2024.09.25 14:39:18 Скрипт выполнен успешно
2024.09.25 17:37:59 Скрипт запущен
2024.09.25 17:37:59 Пути до настроек получены из переменной среды - C:\inetpub\wwwroot\1C_REPOSITORY\SampleFiles\config.ini, C:\inetpub\wwwroot\1C_REPOSITORY\SampleFiles\Description.json
2024.09.25 17:37:59 Скрипт выполнен успешно
2024.09.26 08:49:48 Скрипт запущен
2024.09.26 08:49:48 Пути до настроек получены из переменной среды - C:\inetpub\wwwroot\1C_REPOSITORY\SampleFiles\config.ini, C:\inetpub\wwwroot\1C_REPOSITORY\SampleFiles\Description.json
2024.09.26 08:49:48 Скрипт выполнен успешно
2024.09.26 08:51:16 Скрипт запущен
2024.09.26 08:51:16 Пути до настроек получены из переменной среды - C:\inetpub\wwwroot\1C_REPOSITORY\SampleFiles\config.ini, C:\inetpub\wwwroot\1C_REPOSITORY\SampleFiles\Description.json
2024.09.26 08:51:16 Скрипт выполнен успешно
2024.09.26 09:00:16 Скрипт запущен
2024.09.26 09:00:16 Пути до настроек получены из переменной среды - C:\inetpub\wwwroot\1C_REPOSITORY\SampleFiles\config.ini, C:\inetpub\wwwroot\1C_REPOSITORY\SampleFiles\Description.json
2024.09.26 09:00:16 Скрипт выполнен успешно
2024.09.27 13:14:35 Скрипт запущен
2024.09.27 13:14:35 Пути до настроек получены из переменной среды - C:\_PowerShell\Design\SampleFiles\\config.ini, C:\_PowerShell\Design\SampleFiles\\Description.json
2024.09.27 13:14:36 Скрипт выполнен успешно
2024.09.27 13:15:03 Скрипт запущен
2024.09.27 13:15:03 Пути до настроек получены из переменной среды - C:\_PowerShell\Design\SampleFiles\\config.ini, C:\_PowerShell\Design\SampleFiles\\Description.json
2024.09.27 13:15:04 Скрипт выполнен успешно
2024.09.27 14:09:28 Скрипт запущен
2024.09.27 14:09:28 Пути до настроек получены из переменной среды - C:\_PowerShell\Design\SampleFiles\\config.ini, C:\_PowerShell\Design\SampleFiles\\Description.json
2024.09.27 14:09:30 Скрипт выполнен успешно
2024.09.27 14:39:03 Скрипт запущен
2024.09.27 14:39:03 Пути до настроек получены из переменной среды - C:\_PowerShell\Design\SampleFiles\\config.ini, C:\_PowerShell\Design\SampleFiles\\Description.json
2024.09.27 14:39:05 Скрипт выполнен успешно
2024.09.27 14:41:30 Скрипт запущен
2024.09.27 14:41:30 Пути до настроек получены из переменной среды - C:\_PowerShell\Design\SampleFiles\\config.ini, C:\_PowerShell\Design\SampleFiles\\Description.json
2024.09.27 14:41:31 Скрипт выполнен успешно
2024.09.27 16:49:10 Скрипт запущен
2024.09.27 16:49:10 Пути до настроек получены из переменной среды - C:\_PowerShell\Design\SampleFiles\\config.ini, C:\_PowerShell\Design\SampleFiles\\Description.json
2024.09.27 16:49:10 Скрипт выполнен успешно
2024.09.27 16:53:01 Скрипт запущен
2024.09.27 16:53:01 Пути до настроек получены из переменной среды - C:\_PowerShell\Design\SampleFiles\\config.ini, C:\_PowerShell\Design\SampleFiles\\Description.json
2024.09.27 16:53:02 Скрипт выполнен успешно
2024.09.27 17:00:23 Скрипт запущен
2024.09.27 17:00:23 Пути до настроек получены из переменной среды - C:\_PowerShell\Design\SampleFiles\\config.ini, C:\_PowerShell\Design\SampleFiles\\Description.json
2024.09.27 17:00:23 Скрипт выполнен успешно
2024.09.27 17:00:25 Скрипт запущен
2024.09.27 17:00:25 Пути до настроек получены из переменной среды - C:\_PowerShell\Design\SampleFiles\\config.ini, C:\_PowerShell\Design\SampleFiles\\Description.json
2024.09.27 17:00:25 Скрипт выполнен успешно
2024.09.27 17:00:26 Скрипт запущен
2024.09.27 17:00:26 Пути до настроек получены из переменной среды - C:\_PowerShell\Design\SampleFiles\\config.ini, C:\_PowerShell\Design\SampleFiles\\Description.json
2024.09.27 17:00:26 Скрипт выполнен успешно
2024.09.27 17:00:27 Скрипт запущен
2024.09.27 17:00:27 Пути до настроек получены из переменной среды - C:\_PowerShell\Design\SampleFiles\\config.ini, C:\_PowerShell\Design\SampleFiles\\Description.json
2024.09.27 17:00:27 Скрипт выполнен успешно
2024.09.27 17:00:27 Скрипт запущен
2024.09.27 17:00:27 Пути до настроек получены из переменной среды - C:\_PowerShell\Design\SampleFiles\\config.ini, C:\_PowerShell\Design\SampleFiles\\Description.json
2024.09.27 17:00:27 Скрипт выполнен успешно
2024.09.27 17:00:45 Скрипт запущен
2024.09.27 17:00:45 Пути до настроек получены из переменной среды - C:\_PowerShell\Design\SampleFiles\\config.ini, C:\_PowerShell\Design\SampleFiles\\Description.json
2024.09.27 17:00:47 Скрипт выполнен успешно
2024.09.29 17:15:43 Скрипт запущен
2024.09.29 17:15:43 Пути до настроек получены из переменной среды - C:\_PowerShell\Design\SampleFiles\\config.ini, C:\_PowerShell\Design\SampleFiles\\Description.json
2024.09.29 17:15:43 Скрипт выполнен успешно
2024.09.29 17:16:56 Скрипт запущен
2024.09.29 17:16:56 Пути до настроек получены из переменной среды - C:\_PowerShell\Design\SampleFiles\\config.ini, C:\_PowerShell\Design\SampleFiles\\Description.json
2024.09.29 17:16:56 Скрипт выполнен успешно
2024.09.29 17:18:38 Скрипт запущен
2024.09.29 17:18:38 Пути до настроек получены из переменной среды - C:\_PowerShell\Design\SampleFiles\\config.ini, C:\_PowerShell\Design\SampleFiles\\Description.json
2024.09.29 17:18:38 Скрипт выполнен успешно
2024.09.29 17:19:11 Скрипт запущен
2024.09.29 17:21:52 Скрипт запущен
2024.09.29 17:21:52 Пути до настроек получены из переменной среды - C:\inetpub\wwwroot\1C_REPOSITORY\SampleFiles\config.ini, C:\inetpub\wwwroot\1C_REPOSITORY\SampleFiles\Description.json
2024.09.29 17:21:52 Скрипт выполнен успешно
2024.09.29 17:23:15 Скрипт запущен
2024.09.29 17:23:34 Пути до настроек получены из переменной среды - C:\inetpub\wwwroot\1C_REPOSITORY\SampleFiles\config.ini, C:\inetpub\wwwroot\1C_REPOSITORY\SampleFiles\Description.json
2024.09.29 17:24:51 Скрипт выполнен успешно
2024.09.29 17:26:28 Скрипт запущен
2024.09.29 17:26:33 Пути до настроек получены из переменной среды - C:\inetpub\wwwroot\1C_REPOSITORY\SampleFiles\config.ini, C:\inetpub\wwwroot\1C_REPOSITORY\SampleFiles\Description.json
2024.09.29 17:26:36 Скрипт выполнен успешно
2024.09.30 08:14:35 Скрипт запущен
2024.09.30 08:14:35 Пути до настроек получены из переменной среды - C:\inetpub\wwwroot\1C_REPOSITORY\SampleFiles\config.ini, C:\inetpub\wwwroot\1C_REPOSITORY\SampleFiles\Description.json
2024.09.30 08:14:36 Скрипт выполнен успешно
2024.09.30 08:42:24 Скрипт запущен
2024.09.30 08:42:24 Пути до настроек получены из переменной среды - C:\inetpub\wwwroot\1C_REPOSITORY\SampleFiles\config.ini, C:\inetpub\wwwroot\1C_REPOSITORY\SampleFiles\Description.json
2024.09.30 08:42:25 Скрипт выполнен успешно
2024.09.30 15:39:33 Скрипт запущен
2024.09.30 15:39:33 Пути до настроек получены из переменной среды - C:\inetpub\wwwroot\1C_REPOSITORY\SampleFiles\config.ini, C:\inetpub\wwwroot\1C_REPOSITORY\SampleFiles\Description.json
2024.10.01 08:56:37 Скрипт запущен
2024.10.01 08:56:37 Пути до настроек получены из переменной среды - C:\inetpub\wwwroot\1C_REPOSITORY\SampleFiles\config.ini, C:\inetpub\wwwroot\1C_REPOSITORY\SampleFiles\Description.json
2024.10.01 08:56:38 Скрипт выполнен успешно
2024.10.01 08:56:46 Скрипт запущен
2024.10.01 08:56:46 Пути до настроек получены из переменной среды - C:\inetpub\wwwroot\1C_REPOSITORY\SampleFiles\config.ini, C:\inetpub\wwwroot\1C_REPOSITORY\SampleFiles\Description.json
2024.10.01 10:49:37 Скрипт выполнен успешно
2024.10.04 13:35:48 Скрипт запущен
2024.10.04 13:35:48 Пути до настроек получены из переменной среды - C:\_PowerShell\Design\SampleFiles\config.ini, C:\_PowerShell\Design\SampleFiles\Description.json
2024.10.04 13:35:49 Скрипт выполнен успешно
2024.10.04 13:37:22 Скрипт запущен
2024.10.04 13:37:22 Пути до настроек получены из переменной среды - C:\_PowerShell\Design\SampleFiles\config.ini, C:\_PowerShell\Design\SampleFiles\Description.json
2024.10.04 13:37:22 Скрипт выполнен успешно
2024.10.04 13:47:11 Скрипт запущен
2024.10.04 13:47:11 Пути до настроек получены из переменной среды - C:\_PowerShell\Design\SampleFiles\config.ini, C:\_PowerShell\Design\SampleFiles\Description.json
2024.10.04 13:47:11 Скрипт выполнен успешно
2024.10.04 13:54:00 Скрипт запущен
2024.10.04 13:54:00 Пути до настроек получены из переменной среды - C:\inetpub\wwwroot\1C_REPOSITORY\SampleFiles\config.ini, C:\inetpub\wwwroot\1C_REPOSITORY\SampleFiles\Description.json
2024.10.04 13:54:27 Скрипт выполнен успешно
2024.10.04 13:55:04 Скрипт запущен
2024.10.04 13:55:04 Пути до настроек получены из переменной среды - C:\inetpub\wwwroot\1C_REPOSITORY\SampleFiles\config.ini, C:\inetpub\wwwroot\1C_REPOSITORY\SampleFiles\Description.json
2024.10.04 13:55:04 Скрипт выполнен успешно
2024.10.04 13:55:07 Скрипт запущен
2024.10.04 13:55:07 Пути до настроек получены из переменной среды - C:\inetpub\wwwroot\1C_REPOSITORY\SampleFiles\config.ini, C:\inetpub\wwwroot\1C_REPOSITORY\SampleFiles\Description.json
2024.10.04 13:55:07 Скрипт выполнен успешно
2024.10.04 13:55:29 Скрипт запущен
2024.10.04 13:55:29 Пути до настроек получены из переменной среды - C:\inetpub\wwwroot\1C_REPOSITORY\SampleFiles\config.ini, C:\inetpub\wwwroot\1C_REPOSITORY\SampleFiles\Description.json
2024.10.04 13:55:29 Скрипт выполнен успешно
2024.10.04 13:55:56 Скрипт запущен
2024.10.04 13:55:56 Пути до настроек получены из переменной среды - C:\inetpub\wwwroot\1C_REPOSITORY\SampleFiles\config.ini, C:\inetpub\wwwroot\1C_REPOSITORY\SampleFiles\Description.json
2024.10.04 13:55:57 Скрипт выполнен успешно
2024.10.04 13:56:48 Скрипт запущен
2024.10.04 13:56:48 Пути до настроек получены из переменной среды - C:\inetpub\wwwroot\1C_REPOSITORY\SampleFiles\config.ini, C:\inetpub\wwwroot\1C_REPOSITORY\SampleFiles\Description.json
2024.10.04 13:56:49 Скрипт выполнен успешно
2024.10.04 13:57:18 Скрипт запущен
2024.10.04 13:57:18 Пути до настроек получены из переменной среды - C:\inetpub\wwwroot\1C_REPOSITORY\SampleFiles\config.ini, C:\inetpub\wwwroot\1C_REPOSITORY\SampleFiles\Description.json
2024.10.04 13:57:18 Скрипт выполнен успешно
2024.10.04 13:57:21 Скрипт запущен
2024.10.04 13:57:21 Пути до настроек получены из переменной среды - C:\inetpub\wwwroot\1C_REPOSITORY\SampleFiles\config.ini, C:\inetpub\wwwroot\1C_REPOSITORY\SampleFiles\Description.json
2024.10.04 13:57:21 Скрипт выполнен успешно
2024.10.04 14:29:58 Скрипт запущен
2024.10.04 14:29:58 Пути до настроек получены из переменной среды - C:\inetpub\wwwroot\1C_REPOSITORY\SampleFiles\config.ini, C:\inetpub\wwwroot\1C_REPOSITORY\SampleFiles\Description.json
2024.10.04 14:30:00 Скрипт выполнен успешно
2024.10.04 14:31:19 Скрипт запущен
2024.10.04 14:31:19 Пути до настроек получены из переменной среды - C:\inetpub\wwwroot\1C_REPOSITORY\SampleFiles\config.ini, C:\inetpub\wwwroot\1C_REPOSITORY\SampleFiles\Description.json
2024.10.04 14:31:19 Скрипт выполнен успешно
2024.10.04 14:39:02 Скрипт запущен
2024.10.04 14:39:02 Пути до настроек получены из переменной среды - C:\inetpub\wwwroot\1C_REPOSITORY\SampleFiles\config.ini, C:\inetpub\wwwroot\1C_REPOSITORY\SampleFiles\Description.json
2024.10.04 14:39:03 Скрипт выполнен успешно
2024.10.04 14:39:18 Скрипт запущен
2024.10.04 14:39:18 Пути до настроек получены из переменной среды - C:\inetpub\wwwroot\1C_REPOSITORY\SampleFiles\config.ini, C:\inetpub\wwwroot\1C_REPOSITORY\SampleFiles\Description.json
2024.10.04 14:39:18 Скрипт выполнен успешно
2024.10.04 14:51:02 Скрипт запущен
2024.10.04 14:51:02 Пути до настроек получены из переменной среды - C:\inetpub\wwwroot\1C_REPOSITORY\SampleFiles\config.ini, C:\inetpub\wwwroot\1C_REPOSITORY\SampleFiles\Description.json
2024.10.04 14:51:03 Скрипт выполнен успешно
2024.10.04 14:55:11 Скрипт запущен
2024.10.04 14:55:11 Пути до настроек получены из переменной среды - C:\inetpub\wwwroot\1C_REPOSITORY\SampleFiles\config.ini, C:\inetpub\wwwroot\1C_REPOSITORY\SampleFiles\Description.json
2024.10.04 14:55:12 Скрипт выполнен успешно
